ISim log file
Running: C:\Users\shuvamnandi\XilinxProjects\CE3001ProjectPart3\test_bench_4_stage_pipeline_isim_beh.exe -intstyle ise -gui -tclbatch isim.cmd -wdb C:/Users/shuvamnandi/XilinxProjects/CE3001ProjectPart3/test_bench_4_stage_pipeline_isim_beh.wdb 
ISim P.49d (signature 0x7708f090)
WARNING: A WEBPACK license was found.
WARNING: Please use Xilinx License Configuration Manager to check out a full ISim license.
WARNING: ISim will run in Lite mode. Please refer to the ISim documentation for more information on the differences between the Lite and the Full version.
This is a Lite version of ISim.
Time resolution is 1 ps
# onerror resume
# wave add /
# run 1000 ns
Simulator is doing circuit initialization process.
Finished circuit initialization process.
Opening Fileid  1
Opening Fileid  9
# run 30.00us
# restart
# run 30.00us
Simulator is doing circuit initialization process.
Finished circuit initialization process.
Opening Fileid  1
Opening Fileid  9
# restart
# run 30.00us
Simulator is doing circuit initialization process.
Finished circuit initialization process.
Opening Fileid  1
Opening Fileid  9
